{
  "Cucumber Features": {
    "coverage": {
      "/Users/bcassell/Projects/egta_online/lib/sequence.rb": [
        1,
        null,
        null,
        null,
        null,
        null,
        null,
        null,
        null,
        null,
        null,
        1,
        1,
        null,
        1,
        1,
        1,
        null,
        null,
        1,
        1,
        null,
        null,
        1,
        1,
        null,
        1,
        1,
        1,
        null,
        null,
        null,
        1,
        10,
        10,
        10,
        null,
        3,
        null,
        null,
        null,
        3,
        null,
        null,
        null,
        3,
        null,
        null,
        null,
        null,
        null
      ],
      "/Users/bcassell/Projects/egta_online/lib/nyx_wrapper.rb": [
        1,
        1,
        0,
        0,
        0,
        0,
        0,
        0,
        null,
        0,
        null,
        0,
        0,
        0,
        0,
        0,
        0,
        0,
        0,
        null,
        null,
        null
      ],
      "/Users/bcassell/Projects/egta_online/lib/submission.rb": [
        1,
        null,
        1,
        1,
        null,
        1,
        0,
        0,
        0,
        0,
        0,
        0,
        0,
        null,
        null,
        1,
        0,
        null,
        null,
        0,
        null,
        null,
        0,
        null,
        null,
        0,
        null,
        null,
        0,
        null,
        null,
        0,
        null,
        0,
        null,
        null,
        1,
        0,
        0,
        null,
        null,
        null,
        1,
        0,
        null,
        null,
        1,
        0,
        null,
        null,
        1,
        0,
        null,
        null,
        1,
        0,
        null,
        null,
        1,
        0,
        null,
        null,
        1,
        0,
        null,
        null,
        0,
        null,
        null,
        0,
        null,
        null,
        0,
        null,
        null,
        0,
        null,
        0,
        null,
        null,
        1,
        0,
        null,
        null,
        0,
        0,
        null,
        null,
        0,
        null,
        null
      ],
      "/Users/bcassell/Projects/egta_online/app/workers/data_parser.rb": [
        1,
        1,
        1,
        null,
        1,
        0,
        0,
        0,
        0,
        0,
        0,
        0,
        0,
        0,
        0,
        0,
        null,
        0,
        null,
        0,
        0,
        0,
        0,
        0,
        0,
        0,
        null,
        null,
        null,
        1,
        0,
        0,
        0,
        0,
        0,
        0,
        null,
        null,
        null,
        0,
        null,
        null
      ],
      "/Users/bcassell/Projects/egta_online/app/models/user.rb": [
        1,
        1,
        1,
        1,
        1,
        null
      ],
      "/Users/bcassell/Projects/egta_online/app/controllers/application_controller.rb": [
        1,
        1,
        1,
        null
      ],
      "/Users/bcassell/Projects/egta_online/app/controllers/accounts_controller.rb": [
        1,
        null
      ],
      "/Users/bcassell/Projects/egta_online/app/controllers/entities_controller.rb": [
        1,
        1,
        118,
        1,
        115,
        115,
        115,
        99,
        99,
        37,
        37,
        37,
        null,
        null,
        null,
        16,
        16,
        null,
        null,
        3,
        1,
        73,
        37,
        null,
        1,
        7,
        7,
        null,
        null,
        1,
        1,
        1,
        null,
        null,
        1,
        0,
        0,
        null,
        null
      ],
      "/Users/bcassell/Projects/egta_online/app/models/account.rb": [
        null,
        null,
        null,
        1,
        1,
        null,
        1,
        1,
        1,
        1,
        1,
        1,
        1,
        1,
        null,
        1,
        3,
        0,
        0,
        0,
        0,
        0,
        null,
        null,
        0,
        null,
        null,
        null,
        null
      ],
      "/Users/bcassell/Projects/egta_online/app/controllers/game_schedulers_controller.rb": [
        1,
        1,
        null,
        1,
        9,
        9,
        null,
        null
      ],
      "/Users/bcassell/Projects/egta_online/app/controllers/schedulers_controller.rb": [
        1,
        37,
        null
      ],
      "/Users/bcassell/Projects/egta_online/app/controllers/simulator_selector_controller.rb": [
        1,
        null,
        1,
        3,
        3,
        6,
        null,
        null,
        null
      ],
      "/Users/bcassell/Projects/egta_online/app/models/scheduler.rb": [
        1,
        1,
        1,
        null,
        1,
        1,
        1,
        1,
        1,
        1,
        1,
        1,
        1,
        1,
        1,
        1,
        1,
        null,
        1,
        1,
        1,
        1,
        null
      ],
      "/Users/bcassell/Projects/egta_online/app/models/role_manipulator.rb": [
        1,
        1,
        16,
        null,
        null,
        1,
        0,
        null,
        null,
        1,
        17,
        17,
        17,
        null,
        null,
        1,
        0,
        0,
        0,
        null,
        null,
        1,
        50,
        null,
        null
      ],
      "/Users/bcassell/Projects/egta_online/app/models/game_scheduler.rb": [
        1,
        null,
        1,
        1,
        null,
        1,
        15,
        15,
        15,
        15,
        null,
        null,
        1,
        0,
        0,
        0,
        0,
        0,
        0,
        null,
        null,
        1,
        56,
        2,
        null,
        14,
        14,
        14,
        14,
        16,
        14,
        null,
        2,
        null,
        null,
        18,
        32,
        null,
        2,
        2,
        6,
        18,
        null,
        null,
        2,
        null,
        null,
        1,
        93,
        null,
        null
      ],
      "/Users/bcassell/Projects/egta_online/app/controllers/strategy_controller.rb": [
        1,
        1,
        3,
        3,
        null,
        null,
        1,
        0,
        0,
        null,
        null,
        1,
        22,
        22,
        null,
        null,
        1,
        0,
        0,
        null,
        null,
        1,
        null,
        1,
        58,
        null,
        null
      ],
      "/Users/bcassell/Projects/egta_online/app/controllers/games_controller.rb": [
        1,
        1,
        null,
        1,
        2,
        2,
        null,
        null,
        1,
        1,
        1,
        1,
        1,
        1,
        null,
        0,
        null,
        null,
        null,
        1,
        11,
        11,
        null,
        11,
        11,
        null,
        null,
        null
      ],
      "/Users/bcassell/Projects/egta_online/app/models/game.rb": [
        1,
        1,
        1,
        1,
        null,
        1,
        1,
        1,
        1,
        null,
        1,
        1,
        1,
        1,
        1,
        null,
        1,
        0,
        null,
        null,
        1,
        6,
        null,
        null,
        1,
        1,
        null,
        null,
        1,
        4,
        null,
        null
      ],
      "/Users/bcassell/Projects/egta_online/app/controllers/profiles_controller.rb": [
        1,
        null
      ],
      "/Users/bcassell/Projects/egta_online/app/models/profile.rb": [
        null,
        null,
        1,
        1,
        1,
        1,
        1,
        1,
        1,
        1,
        1,
        1,
        1,
        1,
        1,
        1,
        1,
        1,
        1,
        1,
        1,
        null,
        1,
        0,
        0,
        0,
        null,
        0,
        null,
        null,
        1,
        41,
        51,
        51,
        51,
        110,
        51,
        null,
        null,
        null,
        1,
        48,
        null,
        null,
        1,
        25,
        29,
        29,
        50,
        null,
        null,
        null,
        null,
        1,
        0,
        0,
        null,
        0,
        null,
        null,
        1,
        0,
        0,
        0,
        null,
        0,
        null,
        null,
        1,
        25,
        null,
        null,
        1,
        26,
        null,
        null,
        null,
        null,
        null,
        null,
        null,
        null,
        null,
        1,
        4,
        4,
        4,
        4,
        4,
        null,
        0,
        0,
        0,
        0,
        0,
        0,
        null,
        4,
        4,
        null,
        null
      ],
      "/Users/bcassell/Projects/egta_online/app/controllers/simulations_controller.rb": [
        1,
        1,
        0,
        0,
        null,
        null
      ],
      "/Users/bcassell/Projects/egta_online/app/models/simulation.rb": [
        null,
        null,
        null,
        1,
        1,
        1,
        1,
        null,
        1,
        1,
        1,
        null,
        1,
        1,
        null,
        1,
        1,
        1,
        1,
        1,
        1,
        null,
        1,
        1,
        1,
        1,
        1,
        1,
        1,
        1,
        1,
        1,
        1,
        1,
        1,
        1,
        1,
        1,
        1,
        null,
        1,
        1,
        1,
        1,
        1,
        1,
        null,
        1,
        null,
        1,
        1,
        null,
        null,
        1,
        1,
        null,
        null,
        1,
        1,
        null,
        null,
        1,
        1,
        null,
        null,
        null,
        null,
        1,
        1,
        null,
        null
      ],
      "/Users/bcassell/Projects/egta_online/app/controllers/simulators_controller.rb": [
        1,
        1,
        null
      ],
      "/Users/bcassell/Projects/egta_online/app/models/simulator.rb": [
        1,
        1,
        1,
        null,
        1,
        1,
        1,
        1,
        1,
        1,
        1,
        1,
        1,
        1,
        1,
        1,
        1,
        null,
        1,
        4,
        null,
        null,
        1,
        67,
        null,
        null,
        1,
        18,
        18,
        1,
        1,
        1,
        1,
        1,
        1,
        1,
        1,
        1,
        16,
        1,
        null,
        1,
        null,
        null,
        null,
        null,
        0,
        null,
        null,
        null,
        1,
        0,
        0,
        0,
        0,
        null,
        null
      ],
      "/Users/bcassell/Projects/egta_online/app/uploaders/simulator_uploader.rb": [
        null,
        null,
        1,
        null,
        null,
        null,
        null,
        null,
        null,
        1,
        null,
        null,
        null,
        null,
        1,
        3,
        null,
        null,
        null,
        null,
        null,
        null,
        null,
        null,
        null,
        null,
        null,
        null,
        null,
        null,
        null,
        null,
        null,
        null,
        null,
        null,
        null,
        null,
        null,
        null,
        null,
        null,
        null,
        null,
        null,
        null,
        null,
        null
      ],
      "/Users/bcassell/Projects/egta_online/app/models/role.rb": [
        1,
        1,
        1,
        1,
        1,
        1,
        1,
        1,
        1,
        1,
        1,
        null
      ],
      "/Users/bcassell/Projects/egta_online/app/models/role_instance.rb": [
        1,
        1,
        1,
        1,
        1,
        1,
        null,
        1,
        0,
        null,
        null,
        null,
        null,
        null,
        null,
        null,
        null,
        null
      ],
      "/Users/bcassell/Projects/egta_online/app/models/sample_record.rb": [
        1,
        1,
        1,
        1,
        1,
        1,
        null
      ],
      "/Users/bcassell/Projects/egta_online/app/models/strategy_instance.rb": [
        1,
        1,
        1,
        1,
        1,
        1,
        1,
        null,
        1,
        0,
        null,
        null
      ],
      "/Users/bcassell/Projects/egta_online/app/observers/sample_record_observer.rb": [
        1,
        1,
        3,
        3,
        3,
        4,
        null,
        null,
        3,
        0,
        0,
        0,
        null,
        0,
        0,
        0,
        0,
        0,
        null,
        null,
        3,
        null,
        null
      ],
      "/Users/bcassell/Projects/egta_online/app/observers/scheduler_observer.rb": [
        1,
        1,
        22,
        22,
        22,
        22,
        6,
        6,
        6,
        null,
        22,
        0,
        0,
        null,
        22,
        22,
        6,
        16,
        0,
        null,
        null,
        null
      ],
      "/Users/bcassell/Projects/egta_online/app/workers/game_associater.rb": [
        1,
        1,
        null,
        1,
        25,
        25,
        19,
        19,
        2,
        2,
        null,
        null,
        null,
        null
      ],
      "/Users/bcassell/Projects/egta_online/app/workers/profile_associater.rb": [
        null,
        null,
        null,
        null,
        1,
        1,
        null,
        1,
        21,
        21,
        16,
        16,
        16,
        26,
        26,
        null,
        null,
        null,
        26,
        26,
        26,
        null,
        16,
        null,
        null,
        null
      ],
      "/Users/bcassell/Projects/egta_online/app/workers/profile_gatherer.rb": [
        1,
        1,
        null,
        1,
        6,
        6,
        3,
        null,
        null,
        null
      ],
      "/Users/bcassell/Projects/egta_online/app/workers/profile_scheduler.rb": [
        1,
        1,
        null,
        1,
        27,
        27,
        27,
        27,
        26,
        29,
        26,
        26,
        26,
        3,
        3,
        3,
        3,
        3,
        3,
        null,
        null,
        null,
        null,
        null
      ],
      "/Users/bcassell/Projects/egta_online/app/workers/simulation_checker.rb": [
        1,
        1,
        1,
        null,
        1,
        0,
        0,
        0,
        0,
        0,
        0,
        0,
        0,
        0,
        0,
        0,
        0,
        0,
        0,
        null,
        null,
        null,
        0,
        null,
        null,
        1,
        0,
        null,
        0,
        null,
        0,
        0,
        null,
        0,
        0,
        null,
        null,
        0,
        null,
        null,
        null,
        1,
        0,
        0,
        0,
        null,
        null,
        1,
        0,
        0,
        0,
        null,
        0,
        0,
        null,
        null,
        null,
        1,
        0,
        0,
        null,
        0,
        null,
        null,
        null
      ],
      "/Users/bcassell/Projects/egta_online/app/workers/simulation_cleaner.rb": [
        1,
        1,
        null,
        1,
        0,
        0,
        0,
        null,
        null
      ],
      "/Users/bcassell/Projects/egta_online/app/workers/simulation_queuer.rb": [
        1,
        1,
        1,
        null,
        1,
        0,
        0,
        0,
        0,
        0,
        0,
        0,
        0,
        0,
        0,
        0,
        0,
        null,
        0,
        0,
        null,
        0,
        0,
        0,
        null,
        null,
        0,
        0,
        0,
        null,
        null,
        null,
        1,
        0,
        0,
        0,
        null,
        null,
        1,
        0,
        0,
        null,
        null,
        null,
        1,
        0,
        0,
        0,
        0,
        0,
        null,
        0,
        0,
        0,
        0,
        0,
        0,
        0,
        0,
        0,
        null,
        0,
        0,
        0,
        0,
        0,
        0,
        0,
        null,
        0,
        0,
        0,
        0,
        0,
        0,
        0,
        0,
        null,
        0,
        0,
        0,
        null,
        null,
        null,
        0,
        null,
        null,
        0,
        0,
        null,
        null,
        null,
        null,
        null,
        null,
        null,
        1,
        0,
        0,
        0,
        0,
        0,
        0,
        null,
        null,
        null,
        1,
        0,
        0,
        0,
        0,
        null,
        0,
        null,
        null,
        0,
        null,
        null,
        1,
        0,
        null,
        null
      ],
      "/Users/bcassell/Projects/egta_online/app/workers/simulator_initializer.rb": [
        1,
        1,
        null,
        1,
        1,
        1,
        1,
        1,
        1,
        1,
        1,
        1,
        1,
        1,
        1,
        1,
        null,
        null,
        null
      ]
    },
    "timestamp": 1325024417
  },
  "RSpec": {
    "coverage": {
      "/Users/bcassell/Projects/egta_online/lib/sequence.rb": [
        1,
        null,
        null,
        null,
        null,
        null,
        null,
        null,
        null,
        null,
        null,
        1,
        1,
        null,
        1,
        1,
        1,
        null,
        null,
        1,
        1,
        null,
        null,
        1,
        1,
        null,
        1,
        1,
        1,
        null,
        null,
        null,
        1,
        31,
        31,
        31,
        null,
        2,
        null,
        null,
        null,
        2,
        null,
        null,
        null,
        2,
        null,
        null,
        null,
        null,
        null
      ],
      "/Users/bcassell/Projects/egta_online/lib/nyx_wrapper.rb": [
        1,
        1,
        0,
        0,
        0,
        0,
        0,
        0,
        null,
        0,
        null,
        0,
        0,
        0,
        0,
        0,
        0,
        0,
        0,
        null,
        null,
        null
      ],
      "/Users/bcassell/Projects/egta_online/lib/submission.rb": [
        1,
        null,
        1,
        1,
        null,
        1,
        0,
        0,
        0,
        0,
        0,
        0,
        0,
        null,
        null,
        1,
        0,
        null,
        null,
        0,
        null,
        null,
        0,
        null,
        null,
        0,
        null,
        null,
        0,
        null,
        null,
        0,
        null,
        0,
        null,
        null,
        1,
        0,
        0,
        null,
        null,
        null,
        1,
        0,
        null,
        null,
        1,
        0,
        null,
        null,
        1,
        0,
        null,
        null,
        1,
        0,
        null,
        null,
        1,
        0,
        null,
        null,
        1,
        0,
        null,
        null,
        0,
        null,
        null,
        0,
        null,
        null,
        0,
        null,
        null,
        0,
        null,
        0,
        null,
        null,
        1,
        0,
        null,
        null,
        0,
        0,
        null,
        null,
        0,
        null,
        null
      ],
      "/Users/bcassell/Projects/egta_online/app/workers/data_parser.rb": [
        1,
        1,
        1,
        null,
        1,
        1,
        1,
        1,
        1,
        7,
        1,
        1,
        1,
        5,
        5,
        15,
        null,
        5,
        null,
        1,
        0,
        0,
        0,
        0,
        0,
        0,
        null,
        null,
        null,
        1,
        1,
        1,
        3,
        3,
        15,
        15,
        null,
        null,
        null,
        1,
        null,
        null
      ],
      "/Users/bcassell/Projects/egta_online/app/models/user.rb": [
        1,
        1,
        1,
        1,
        1,
        null
      ],
      "/Users/bcassell/Projects/egta_online/app/controllers/application_controller.rb": [
        1,
        1,
        1,
        null
      ],
      "/Users/bcassell/Projects/egta_online/app/controllers/accounts_controller.rb": [
        1,
        null
      ],
      "/Users/bcassell/Projects/egta_online/app/controllers/entities_controller.rb": [
        1,
        1,
        1,
        1,
        0,
        0,
        0,
        0,
        0,
        0,
        0,
        0,
        null,
        null,
        null,
        0,
        0,
        null,
        null,
        1,
        1,
        1,
        1,
        null,
        1,
        0,
        0,
        null,
        null,
        1,
        0,
        0,
        null,
        null,
        1,
        0,
        0,
        null,
        null
      ],
      "/Users/bcassell/Projects/egta_online/app/models/account.rb": [
        null,
        null,
        null,
        1,
        1,
        null,
        1,
        1,
        1,
        1,
        1,
        1,
        1,
        1,
        null,
        1,
        3,
        1,
        1,
        0,
        0,
        0,
        null,
        null,
        1,
        null,
        null,
        null,
        null
      ],
      "/Users/bcassell/Projects/egta_online/app/controllers/game_schedulers_controller.rb": [
        1,
        1,
        null,
        1,
        0,
        0,
        null,
        null
      ],
      "/Users/bcassell/Projects/egta_online/app/controllers/schedulers_controller.rb": [
        1,
        1,
        null
      ],
      "/Users/bcassell/Projects/egta_online/app/controllers/simulator_selector_controller.rb": [
        1,
        null,
        1,
        0,
        0,
        0,
        null,
        null,
        null
      ],
      "/Users/bcassell/Projects/egta_online/app/models/scheduler.rb": [
        1,
        1,
        1,
        null,
        1,
        1,
        1,
        1,
        1,
        1,
        1,
        1,
        1,
        1,
        1,
        1,
        1,
        null,
        1,
        1,
        1,
        1,
        null
      ],
      "/Users/bcassell/Projects/egta_online/app/models/role_manipulator.rb": [
        1,
        1,
        1,
        null,
        null,
        1,
        0,
        null,
        null,
        1,
        0,
        0,
        0,
        null,
        null,
        1,
        0,
        0,
        0,
        null,
        null,
        1,
        0,
        null,
        null
      ],
      "/Users/bcassell/Projects/egta_online/app/models/game_scheduler.rb": [
        1,
        null,
        1,
        1,
        null,
        1,
        2,
        2,
        2,
        2,
        null,
        null,
        1,
        1,
        1,
        1,
        1,
        2,
        1,
        null,
        null,
        1,
        9,
        0,
        null,
        3,
        3,
        3,
        3,
        3,
        3,
        null,
        0,
        null,
        null,
        3,
        6,
        null,
        0,
        0,
        0,
        0,
        null,
        null,
        0,
        null,
        null,
        1,
        0,
        null,
        null
      ],
      "/Users/bcassell/Projects/egta_online/app/controllers/strategy_controller.rb": [
        1,
        1,
        0,
        0,
        null,
        null,
        1,
        0,
        0,
        null,
        null,
        1,
        0,
        0,
        null,
        null,
        1,
        0,
        0,
        null,
        null,
        1,
        null,
        1,
        0,
        null,
        null
      ],
      "/Users/bcassell/Projects/egta_online/app/controllers/games_controller.rb": [
        1,
        1,
        null,
        1,
        0,
        0,
        null,
        null,
        1,
        0,
        0,
        0,
        0,
        0,
        null,
        0,
        null,
        null,
        null,
        1,
        0,
        0,
        null,
        0,
        0,
        null,
        null,
        null
      ],
      "/Users/bcassell/Projects/egta_online/app/models/game.rb": [
        1,
        1,
        1,
        1,
        null,
        1,
        1,
        1,
        1,
        null,
        1,
        1,
        1,
        1,
        1,
        null,
        1,
        0,
        null,
        null,
        1,
        2,
        null,
        null,
        1,
        0,
        null,
        null,
        1,
        0,
        null,
        null
      ],
      "/Users/bcassell/Projects/egta_online/app/controllers/profiles_controller.rb": [
        1,
        null
      ],
      "/Users/bcassell/Projects/egta_online/app/models/profile.rb": [
        null,
        null,
        1,
        1,
        1,
        1,
        1,
        1,
        1,
        1,
        1,
        1,
        1,
        1,
        1,
        1,
        1,
        1,
        1,
        1,
        1,
        null,
        1,
        0,
        0,
        0,
        null,
        0,
        null,
        null,
        1,
        1,
        2,
        2,
        2,
        7,
        2,
        null,
        null,
        null,
        1,
        5,
        null,
        null,
        1,
        16,
        17,
        17,
        38,
        null,
        null,
        null,
        null,
        1,
        0,
        0,
        null,
        0,
        null,
        null,
        1,
        1,
        1,
        1,
        null,
        1,
        null,
        null,
        1,
        16,
        null,
        null,
        1,
        3,
        null,
        null,
        null,
        null,
        null,
        null,
        null,
        null,
        null,
        1,
        5,
        5,
        1,
        1,
        1,
        null,
        4,
        4,
        4,
        4,
        4,
        4,
        null,
        5,
        5,
        null,
        null
      ],
      "/Users/bcassell/Projects/egta_online/app/controllers/simulations_controller.rb": [
        1,
        1,
        0,
        0,
        null,
        null
      ],
      "/Users/bcassell/Projects/egta_online/app/models/simulation.rb": [
        null,
        null,
        null,
        1,
        1,
        1,
        1,
        null,
        1,
        1,
        1,
        null,
        1,
        1,
        null,
        1,
        1,
        1,
        1,
        1,
        1,
        null,
        1,
        1,
        1,
        1,
        1,
        1,
        1,
        1,
        1,
        1,
        1,
        1,
        1,
        1,
        1,
        1,
        1,
        null,
        1,
        1,
        1,
        1,
        1,
        1,
        null,
        1,
        null,
        1,
        1,
        null,
        null,
        1,
        1,
        null,
        null,
        1,
        1,
        null,
        null,
        1,
        1,
        null,
        null,
        null,
        null,
        1,
        4,
        null,
        null
      ],
      "/Users/bcassell/Projects/egta_online/app/controllers/simulators_controller.rb": [
        1,
        1,
        null
      ],
      "/Users/bcassell/Projects/egta_online/app/models/simulator.rb": [
        1,
        1,
        1,
        null,
        1,
        1,
        1,
        1,
        1,
        1,
        1,
        1,
        1,
        1,
        1,
        1,
        1,
        null,
        1,
        0,
        null,
        null,
        1,
        0,
        null,
        null,
        1,
        15,
        15,
        0,
        0,
        0,
        0,
        0,
        0,
        0,
        0,
        0,
        0,
        0,
        null,
        0,
        null,
        null,
        null,
        null,
        0,
        null,
        null,
        null,
        1,
        0,
        0,
        0,
        0,
        null,
        null
      ],
      "/Users/bcassell/Projects/egta_online/app/uploaders/simulator_uploader.rb": [
        null,
        null,
        1,
        null,
        null,
        null,
        null,
        null,
        null,
        1,
        null,
        null,
        null,
        null,
        1,
        0,
        null,
        null,
        null,
        null,
        null,
        null,
        null,
        null,
        null,
        null,
        null,
        null,
        null,
        null,
        null,
        null,
        null,
        null,
        null,
        null,
        null,
        null,
        null,
        null,
        null,
        null,
        null,
        null,
        null,
        null,
        null,
        null
      ],
      "/Users/bcassell/Projects/egta_online/app/models/role.rb": [
        1,
        1,
        1,
        1,
        1,
        1,
        1,
        1,
        1,
        1,
        1,
        null
      ],
      "/Users/bcassell/Projects/egta_online/app/models/role_instance.rb": [
        1,
        1,
        1,
        1,
        1,
        1,
        null,
        1,
        0,
        null,
        null,
        null,
        null,
        null,
        null,
        null,
        null,
        null
      ],
      "/Users/bcassell/Projects/egta_online/app/models/sample_record.rb": [
        1,
        1,
        1,
        1,
        1,
        1,
        null
      ],
      "/Users/bcassell/Projects/egta_online/app/models/strategy_instance.rb": [
        1,
        1,
        1,
        1,
        1,
        1,
        1,
        null,
        1,
        0,
        null,
        null
      ],
      "/Users/bcassell/Projects/egta_online/app/observers/sample_record_observer.rb": [
        1,
        1,
        5,
        5,
        5,
        5,
        null,
        null,
        5,
        15,
        3,
        3,
        null,
        12,
        12,
        12,
        12,
        12,
        null,
        null,
        5,
        null,
        null
      ],
      "/Users/bcassell/Projects/egta_online/app/observers/scheduler_observer.rb": [
        1,
        1,
        7,
        7,
        7,
        7,
        1,
        1,
        1,
        null,
        7,
        1,
        1,
        null,
        7,
        7,
        1,
        6,
        2,
        null,
        null,
        null
      ],
      "/Users/bcassell/Projects/egta_online/app/workers/game_associater.rb": [
        1,
        1,
        null,
        1,
        4,
        4,
        4,
        4,
        1,
        1,
        null,
        null,
        null,
        null
      ],
      "/Users/bcassell/Projects/egta_online/app/workers/profile_associater.rb": [
        null,
        null,
        null,
        null,
        1,
        1,
        null,
        1,
        3,
        3,
        3,
        3,
        3,
        3,
        3,
        null,
        null,
        null,
        3,
        3,
        3,
        null,
        3,
        null,
        null,
        null
      ],
      "/Users/bcassell/Projects/egta_online/app/workers/profile_gatherer.rb": [
        1,
        1,
        null,
        1,
        1,
        1,
        1,
        null,
        null,
        null
      ],
      "/Users/bcassell/Projects/egta_online/app/workers/profile_scheduler.rb": [
        1,
        1,
        null,
        1,
        4,
        4,
        4,
        4,
        4,
        6,
        4,
        4,
        4,
        2,
        2,
        2,
        2,
        2,
        2,
        null,
        null,
        null,
        null,
        null
      ],
      "/Users/bcassell/Projects/egta_online/app/workers/simulation_checker.rb": [
        1,
        1,
        1,
        null,
        1,
        0,
        0,
        0,
        0,
        0,
        0,
        0,
        0,
        0,
        0,
        0,
        0,
        0,
        0,
        null,
        null,
        null,
        0,
        null,
        null,
        1,
        6,
        null,
        1,
        null,
        4,
        3,
        null,
        1,
        1,
        null,
        null,
        1,
        null,
        null,
        null,
        1,
        1,
        4,
        1,
        null,
        null,
        1,
        5,
        5,
        3,
        null,
        2,
        2,
        null,
        null,
        null,
        1,
        8,
        6,
        null,
        2,
        null,
        null,
        null
      ],
      "/Users/bcassell/Projects/egta_online/app/workers/simulation_cleaner.rb": [
        1,
        1,
        null,
        1,
        0,
        0,
        0,
        null,
        null
      ],
      "/Users/bcassell/Projects/egta_online/app/workers/simulation_queuer.rb": [
        1,
        1,
        1,
        null,
        1,
        0,
        0,
        0,
        0,
        0,
        0,
        0,
        0,
        0,
        0,
        0,
        0,
        null,
        0,
        0,
        null,
        0,
        0,
        0,
        null,
        null,
        0,
        0,
        0,
        null,
        null,
        null,
        1,
        0,
        0,
        0,
        null,
        null,
        1,
        0,
        0,
        null,
        null,
        null,
        1,
        0,
        0,
        0,
        0,
        0,
        null,
        0,
        0,
        0,
        0,
        0,
        0,
        0,
        0,
        0,
        null,
        0,
        0,
        0,
        0,
        0,
        0,
        0,
        null,
        0,
        0,
        0,
        0,
        0,
        0,
        0,
        0,
        null,
        0,
        0,
        0,
        null,
        null,
        null,
        0,
        null,
        null,
        0,
        0,
        null,
        null,
        null,
        null,
        null,
        null,
        null,
        1,
        0,
        0,
        0,
        0,
        0,
        0,
        null,
        null,
        null,
        1,
        0,
        0,
        0,
        0,
        null,
        0,
        null,
        null,
        0,
        null,
        null,
        1,
        0,
        null,
        null
      ],
      "/Users/bcassell/Projects/egta_online/app/workers/simulator_initializer.rb": [
        1,
        1,
        null,
        1,
        0,
        0,
        0,
        0,
        0,
        0,
        0,
        0,
        0,
        0,
        0,
        0,
        null,
        null,
        null
      ]
    },
    "timestamp": 1325024433
  }
}
